This file contains any messages produced by compilers while
running configure, to aid debugging if configure makes a mistake.

It was created by cppunit configure 1.13.2, which was
generated by GNU Autoconf 2.69.  Invocation command line was

  $ ../configure --prefix=/home/mustafa.vora/minotaur/third-party --enable-doxygen=no LIBS=-ldl

## --------- ##
## Platform. ##
## --------- ##

hostname = saki
uname -m = x86_64
uname -r = 4.9.0-11-amd64
uname -s = Linux
uname -v = #1 SMP Debian 4.9.189-3+deb9u1 (2019-09-20)

/usr/bin/uname -p = unknown
/bin/uname -X     = unknown

/bin/arch              = unknown
/usr/bin/arch -k       = unknown
/usr/convex/getsysinfo = unknown
/usr/bin/hostinfo      = unknown
/bin/machine           = unknown
/usr/bin/oslevel       = unknown
/bin/universe          = unknown

PATH: /home/mustafa.vora/bin
PATH: /usr/local/bin
PATH: /usr/bin
PATH: /bin
PATH: /usr/local/games
PATH: /usr/games
PATH: /opt/ampl
PATH: /opt/ibm/ILOG/CPLEX_Studio128/cplex/bin/x86-64_linux
PATH: /home/mustafa.vora/.local/kitty.app/bin


## ----------- ##
## Core tests. ##
## ----------- ##

configure:2507: checking for a BSD-compatible install
configure:2575: result: /usr/bin/install -c
configure:2586: checking whether build environment is sane
configure:2641: result: yes
configure:2792: checking for a thread-safe mkdir -p
configure:2831: result: /bin/mkdir -p
configure:2838: checking for gawk
configure:2854: found /usr/bin/gawk
configure:2865: result: gawk
configure:2876: checking whether make sets $(MAKE)
configure:2898: result: yes
configure:2990: checking whether make supports nested variables
configure:3007: result: yes
configure:3052: checking whether make sets $(MAKE)
configure:3074: result: yes
configure:3138: checking for gcc
configure:3154: found /usr/bin/gcc
configure:3165: result: gcc
configure:3394: checking for C compiler version
configure:3403: gcc --version >&5
gcc (Debian 6.3.0-18+deb9u1) 6.3.0 20170516
Copyright (C) 2016 Free Software Foundation, Inc.
This is free software; see the source for copying conditions.  There is NO
warranty; not even for MERCHANTABILITY or FITNESS FOR A PARTICULAR PURPOSE.

configure:3414: $? = 0
configure:3403: gcc -v >&5
Using built-in specs.
COLLECT_GCC=gcc
COLLECT_LTO_WRAPPER=/usr/lib/gcc/x86_64-linux-gnu/6/lto-wrapper
Target: x86_64-linux-gnu
Configured with: ../src/configure -v --with-pkgversion='Debian 6.3.0-18+deb9u1' --with-bugurl=file:///usr/share/doc/gcc-6/README.Bugs --enable-languages=c,ada,c++,java,go,d,fortran,objc,obj-c++ --prefix=/usr --program-suffix=-6 --program-prefix=x86_64-linux-gnu- --enable-shared --enable-linker-build-id --libexecdir=/usr/lib --without-included-gettext --enable-threads=posix --libdir=/usr/lib --enable-nls --with-sysroot=/ --enable-clocale=gnu --enable-libstdcxx-debug --enable-libstdcxx-time=yes --with-default-libstdcxx-abi=new --enable-gnu-unique-object --disable-vtable-verify --enable-libmpx --enable-plugin --enable-default-pie --with-system-zlib --disable-browser-plugin --enable-java-awt=gtk --enable-gtk-cairo --with-java-home=/usr/lib/jvm/java-1.5.0-gcj-6-amd64/jre --enable-java-home --with-jvm-root-dir=/usr/lib/jvm/java-1.5.0-gcj-6-amd64 --with-jvm-jar-dir=/usr/lib/jvm-exports/java-1.5.0-gcj-6-amd64 --with-arch-directory=amd64 --with-ecj-jar=/usr/share/java/eclipse-ecj.jar --with-target-system-zlib --enable-objc-gc=auto --enable-multiarch --with-arch-32=i686 --with-abi=m64 --with-multilib-list=m32,m64,mx32 --enable-multilib --with-tune=generic --enable-checking=release --build=x86_64-linux-gnu --host=x86_64-linux-gnu --target=x86_64-linux-gnu
Thread model: posix
gcc version 6.3.0 20170516 (Debian 6.3.0-18+deb9u1) 
configure:3414: $? = 0
configure:3403: gcc -V >&5
gcc: error: unrecognized command line option '-V'
gcc: fatal error: no input files
compilation terminated.
configure:3414: $? = 1
configure:3403: gcc -qversion >&5
gcc: error: unrecognized command line option '-qversion'; did you mean '--version'?
gcc: fatal error: no input files
compilation terminated.
configure:3414: $? = 1
configure:3434: checking whether the C compiler works
configure:3456: gcc    conftest.c -ldl >&5
configure:3460: $? = 0
configure:3508: result: yes
configure:3511: checking for C compiler default output file name
configure:3513: result: a.out
configure:3519: checking for suffix of executables
configure:3526: gcc -o conftest    conftest.c -ldl >&5
configure:3530: $? = 0
configure:3552: result: 
configure:3574: checking whether we are cross compiling
configure:3582: gcc -o conftest    conftest.c -ldl >&5
configure:3586: $? = 0
configure:3593: ./conftest
configure:3597: $? = 0
configure:3612: result: no
configure:3617: checking for suffix of object files
configure:3639: gcc -c   conftest.c >&5
configure:3643: $? = 0
configure:3664: result: o
configure:3668: checking whether we are using the GNU C compiler
configure:3687: gcc -c   conftest.c >&5
configure:3687: $? = 0
configure:3696: result: yes
configure:3705: checking whether gcc accepts -g
configure:3725: gcc -c -g  conftest.c >&5
configure:3725: $? = 0
configure:3766: result: yes
configure:3783: checking for gcc option to accept ISO C89
configure:3846: gcc  -c -g -O2  conftest.c >&5
configure:3846: $? = 0
configure:3859: result: none needed
configure:3890: checking for style of include used by make
configure:3918: result: GNU
configure:3944: checking dependency style of gcc
configure:4055: result: gcc3
configure:4128: checking for g++
configure:4144: found /usr/bin/g++
configure:4155: result: g++
configure:4182: checking for C++ compiler version
configure:4191: g++ --version >&5
g++ (Debian 6.3.0-18+deb9u1) 6.3.0 20170516
Copyright (C) 2016 Free Software Foundation, Inc.
This is free software; see the source for copying conditions.  There is NO
warranty; not even for MERCHANTABILITY or FITNESS FOR A PARTICULAR PURPOSE.

configure:4202: $? = 0
configure:4191: g++ -v >&5
Using built-in specs.
COLLECT_GCC=g++
COLLECT_LTO_WRAPPER=/usr/lib/gcc/x86_64-linux-gnu/6/lto-wrapper
Target: x86_64-linux-gnu
Configured with: ../src/configure -v --with-pkgversion='Debian 6.3.0-18+deb9u1' --with-bugurl=file:///usr/share/doc/gcc-6/README.Bugs --enable-languages=c,ada,c++,java,go,d,fortran,objc,obj-c++ --prefix=/usr --program-suffix=-6 --program-prefix=x86_64-linux-gnu- --enable-shared --enable-linker-build-id --libexecdir=/usr/lib --without-included-gettext --enable-threads=posix --libdir=/usr/lib --enable-nls --with-sysroot=/ --enable-clocale=gnu --enable-libstdcxx-debug --enable-libstdcxx-time=yes --with-default-libstdcxx-abi=new --enable-gnu-unique-object --disable-vtable-verify --enable-libmpx --enable-plugin --enable-default-pie --with-system-zlib --disable-browser-plugin --enable-java-awt=gtk --enable-gtk-cairo --with-java-home=/usr/lib/jvm/java-1.5.0-gcj-6-amd64/jre --enable-java-home --with-jvm-root-dir=/usr/lib/jvm/java-1.5.0-gcj-6-amd64 --with-jvm-jar-dir=/usr/lib/jvm-exports/java-1.5.0-gcj-6-amd64 --with-arch-directory=amd64 --with-ecj-jar=/usr/share/java/eclipse-ecj.jar --with-target-system-zlib --enable-objc-gc=auto --enable-multiarch --with-arch-32=i686 --with-abi=m64 --with-multilib-list=m32,m64,mx32 --enable-multilib --with-tune=generic --enable-checking=release --build=x86_64-linux-gnu --host=x86_64-linux-gnu --target=x86_64-linux-gnu
Thread model: posix
gcc version 6.3.0 20170516 (Debian 6.3.0-18+deb9u1) 
configure:4202: $? = 0
configure:4191: g++ -V >&5
g++: error: unrecognized command line option '-V'
g++: fatal error: no input files
compilation terminated.
configure:4202: $? = 1
configure:4191: g++ -qversion >&5
g++: error: unrecognized command line option '-qversion'; did you mean '--version'?
g++: fatal error: no input files
compilation terminated.
configure:4202: $? = 1
configure:4206: checking whether we are using the GNU C++ compiler
configure:4225: g++ -c   conftest.cpp >&5
configure:4225: $? = 0
configure:4234: result: yes
configure:4243: checking whether g++ accepts -g
configure:4263: g++ -c -g  conftest.cpp >&5
configure:4263: $? = 0
configure:4304: result: yes
configure:4329: checking dependency style of g++
configure:4440: result: gcc3
configure:4466: checking build system type
configure:4480: result: x86_64-unknown-linux-gnu
configure:4500: checking host system type
configure:4513: result: x86_64-unknown-linux-gnu
configure:4882: checking how to print strings
configure:4909: result: printf
configure:4930: checking for a sed that does not truncate output
configure:4994: result: /bin/sed
configure:5012: checking for grep that handles long lines and -e
configure:5070: result: /bin/grep
configure:5075: checking for egrep
configure:5137: result: /bin/grep -E
configure:5142: checking for fgrep
configure:5204: result: /bin/grep -F
configure:5239: checking for ld used by gcc
configure:5306: result: /usr/bin/ld
configure:5313: checking if the linker (/usr/bin/ld) is GNU ld
configure:5328: result: yes
configure:5340: checking for BSD- or MS-compatible name lister (nm)
configure:5389: result: /usr/bin/nm -B
configure:5519: checking the name lister (/usr/bin/nm -B) interface
configure:5526: g++ -c -g -O2  conftest.cpp >&5
configure:5529: /usr/bin/nm -B "conftest.o"
configure:5532: output
0000000000000000 B some_variable
configure:5539: result: BSD nm
configure:5542: checking whether ln -s works
configure:5546: result: yes
configure:5554: checking the maximum length of command line arguments
configure:5684: result: 1572864
configure:5701: checking whether the shell understands some XSI constructs
configure:5711: result: yes
configure:5715: checking whether the shell understands "+="
configure:5721: result: yes
configure:5756: checking how to convert x86_64-unknown-linux-gnu file names to x86_64-unknown-linux-gnu format
configure:5796: result: func_convert_file_noop
configure:5803: checking how to convert x86_64-unknown-linux-gnu file names to toolchain format
configure:5823: result: func_convert_file_noop
configure:5830: checking for /usr/bin/ld option to reload object files
configure:5837: result: -r
configure:5911: checking for objdump
configure:5938: result: objdump
configure:5967: checking how to recognize dependent libraries
configure:6169: result: pass_all
configure:6254: checking for dlltool
configure:6281: result: dlltool
configure:6311: checking how to associate runtime and link libraries
configure:6338: result: printf %s\n
configure:6399: checking for ar
configure:6415: found /usr/bin/ar
configure:6426: result: ar
configure:6463: checking for archiver @FILE support
configure:6480: g++ -c -g -O2  conftest.cpp >&5
configure:6480: $? = 0
configure:6483: ar cru libconftest.a @conftest.lst >&5
ar: `u' modifier ignored since `D' is the default (see `U')
configure:6486: $? = 0
configure:6491: ar cru libconftest.a @conftest.lst >&5
ar: `u' modifier ignored since `D' is the default (see `U')
ar: conftest.o: No such file or directory
configure:6494: $? = 1
configure:6506: result: @
configure:6564: checking for strip
configure:6580: found /usr/bin/strip
configure:6591: result: strip
configure:6663: checking for ranlib
configure:6679: found /usr/bin/ranlib
configure:6690: result: ranlib
configure:6792: checking command to parse /usr/bin/nm -B output from gcc object
configure:6912: g++ -c -g -O2  conftest.cpp >&5
configure:6915: $? = 0
configure:6919: /usr/bin/nm -B conftest.o \| sed -n -e 's/^.*[ ]\([ABCDGIRSTW][ABCDGIRSTW]*\)[ ][ ]*\([_A-Za-z][_A-Za-z0-9]*\)$/\1 \2 \2/p' | sed '/ __gnu_lto/d' \> conftest.nm
configure:6922: $? = 0
configure:6988: g++ -o conftest -g -O2   conftest.cpp conftstm.o >&5
configure:6991: $? = 0
configure:7029: result: ok
configure:7066: checking for sysroot
configure:7096: result: no
configure:7174: g++ -c -g -O2  conftest.cpp >&5
configure:7177: $? = 0
configure:7353: checking for mt
configure:7369: found /bin/mt
configure:7380: result: mt
configure:7403: checking if mt is a manifest tool
configure:7409: mt '-?'
configure:7417: result: no
configure:8059: checking how to run the C preprocessor
configure:8090: gcc -E  conftest.c
configure:8090: $? = 0
configure:8104: gcc -E  conftest.c
conftest.c:11:28: fatal error: ac_nonexistent.h: No such file or directory
 #include <ac_nonexistent.h>
                            ^
compilation terminated.
configure:8104: $? = 1
configure: failed program was:
| /* confdefs.h */
| #define PACKAGE_NAME "cppunit"
| #define PACKAGE_TARNAME "cppunit"
| #define PACKAGE_VERSION "1.13.2"
| #define PACKAGE_STRING "cppunit 1.13.2"
| #define PACKAGE_BUGREPORT ""
| #define PACKAGE_URL ""
| #define PACKAGE "cppunit"
| #define VERSION "1.13.2"
| /* end confdefs.h.  */
| #include <ac_nonexistent.h>
configure:8129: result: gcc -E
configure:8149: gcc -E  conftest.c
configure:8149: $? = 0
configure:8163: gcc -E  conftest.c
conftest.c:11:28: fatal error: ac_nonexistent.h: No such file or directory
 #include <ac_nonexistent.h>
                            ^
compilation terminated.
configure:8163: $? = 1
configure: failed program was:
| /* confdefs.h */
| #define PACKAGE_NAME "cppunit"
| #define PACKAGE_TARNAME "cppunit"
| #define PACKAGE_VERSION "1.13.2"
| #define PACKAGE_STRING "cppunit 1.13.2"
| #define PACKAGE_BUGREPORT ""
| #define PACKAGE_URL ""
| #define PACKAGE "cppunit"
| #define VERSION "1.13.2"
| /* end confdefs.h.  */
| #include <ac_nonexistent.h>
configure:8192: checking for ANSI C header files
configure:8212: gcc -c -g -O2  conftest.c >&5
configure:8212: $? = 0
configure:8285: gcc -o conftest -g -O2   conftest.c -ldl >&5
configure:8285: $? = 0
configure:8285: ./conftest
configure:8285: $? = 0
configure:8296: result: yes
configure:8309: checking for sys/types.h
configure:8309: gcc -c -g -O2  conftest.c >&5
configure:8309: $? = 0
configure:8309: result: yes
configure:8309: checking for sys/stat.h
configure:8309: gcc -c -g -O2  conftest.c >&5
configure:8309: $? = 0
configure:8309: result: yes
configure:8309: checking for stdlib.h
configure:8309: gcc -c -g -O2  conftest.c >&5
configure:8309: $? = 0
configure:8309: result: yes
configure:8309: checking for string.h
configure:8309: gcc -c -g -O2  conftest.c >&5
configure:8309: $? = 0
configure:8309: result: yes
configure:8309: checking for memory.h
configure:8309: gcc -c -g -O2  conftest.c >&5
configure:8309: $? = 0
configure:8309: result: yes
configure:8309: checking for strings.h
configure:8309: gcc -c -g -O2  conftest.c >&5
configure:8309: $? = 0
configure:8309: result: yes
configure:8309: checking for inttypes.h
configure:8309: gcc -c -g -O2  conftest.c >&5
configure:8309: $? = 0
configure:8309: result: yes
configure:8309: checking for stdint.h
configure:8309: gcc -c -g -O2  conftest.c >&5
configure:8309: $? = 0
configure:8309: result: yes
configure:8309: checking for unistd.h
configure:8309: gcc -c -g -O2  conftest.c >&5
configure:8309: $? = 0
configure:8309: result: yes
configure:8323: checking for dlfcn.h
configure:8323: gcc -c -g -O2  conftest.c >&5
configure:8323: $? = 0
configure:8323: result: yes
configure:8537: checking for objdir
configure:8552: result: .libs
configure:8823: checking if gcc supports -fno-rtti -fno-exceptions
configure:8841: gcc -c -g -O2  -fno-rtti -fno-exceptions conftest.c >&5
cc1: warning: command line option '-fno-rtti' is valid for C++/ObjC++ but not for C
configure:8845: $? = 0
configure:8858: result: no
configure:9185: checking for gcc option to produce PIC
configure:9192: result: -fPIC -DPIC
configure:9200: checking if gcc PIC flag -fPIC -DPIC works
configure:9218: gcc -c -g -O2  -fPIC -DPIC -DPIC conftest.c >&5
configure:9222: $? = 0
configure:9235: result: yes
configure:9264: checking if gcc static flag -static works
configure:9292: result: yes
configure:9307: checking if gcc supports -c -o file.o
configure:9328: gcc -c -g -O2  -o out/conftest2.o conftest.c >&5
configure:9332: $? = 0
configure:9354: result: yes
configure:9362: checking if gcc supports -c -o file.o
configure:9409: result: yes
configure:9442: checking whether the gcc linker (/usr/bin/ld -m elf_x86_64) supports shared libraries
configure:10595: result: yes
configure:10632: checking whether -lc should be explicitly linked in
configure:10640: gcc -c -g -O2  conftest.c >&5
configure:10643: $? = 0
configure:10658: gcc -shared  -fPIC -DPIC conftest.o  -v -Wl,-soname -Wl,conftest -o conftest 2\>\&1 \| /bin/grep  -lc  \>/dev/null 2\>\&1
configure:10661: $? = 0
configure:10675: result: no
configure:10835: checking dynamic linker characteristics
configure:11346: gcc -o conftest -g -O2   -Wl,-rpath -Wl,/foo conftest.c -ldl >&5
configure:11346: $? = 0
configure:11568: result: GNU/Linux ld.so
configure:11675: checking how to hardcode library paths into programs
configure:11700: result: immediate
configure:12240: checking whether stripping libraries is possible
configure:12245: result: yes
configure:12280: checking if libtool supports shared libraries
configure:12282: result: yes
configure:12285: checking whether to build shared libraries
configure:12306: result: yes
configure:12309: checking whether to build static libraries
configure:12313: result: yes
configure:12336: checking how to run the C++ preprocessor
configure:12363: g++ -E  conftest.cpp
configure:12363: $? = 0
configure:12377: g++ -E  conftest.cpp
conftest.cpp:23:28: fatal error: ac_nonexistent.h: No such file or directory
 #include <ac_nonexistent.h>
                            ^
compilation terminated.
configure:12377: $? = 1
configure: failed program was:
| /* confdefs.h */
| #define PACKAGE_NAME "cppunit"
| #define PACKAGE_TARNAME "cppunit"
| #define PACKAGE_VERSION "1.13.2"
| #define PACKAGE_STRING "cppunit 1.13.2"
| #define PACKAGE_BUGREPORT ""
| #define PACKAGE_URL ""
| #define PACKAGE "cppunit"
| #define VERSION "1.13.2"
| #define STDC_HEADERS 1
| #define HAVE_SYS_TYPES_H 1
| #define HAVE_SYS_STAT_H 1
| #define HAVE_STDLIB_H 1
| #define HAVE_STRING_H 1
| #define HAVE_MEMORY_H 1
| #define HAVE_STRINGS_H 1
| #define HAVE_INTTYPES_H 1
| #define HAVE_STDINT_H 1
| #define HAVE_UNISTD_H 1
| #define HAVE_DLFCN_H 1
| #define LT_OBJDIR ".libs/"
| /* end confdefs.h.  */
| #include <ac_nonexistent.h>
configure:12402: result: g++ -E
configure:12422: g++ -E  conftest.cpp
configure:12422: $? = 0
configure:12436: g++ -E  conftest.cpp
conftest.cpp:23:28: fatal error: ac_nonexistent.h: No such file or directory
 #include <ac_nonexistent.h>
                            ^
compilation terminated.
configure:12436: $? = 1
configure: failed program was:
| /* confdefs.h */
| #define PACKAGE_NAME "cppunit"
| #define PACKAGE_TARNAME "cppunit"
| #define PACKAGE_VERSION "1.13.2"
| #define PACKAGE_STRING "cppunit 1.13.2"
| #define PACKAGE_BUGREPORT ""
| #define PACKAGE_URL ""
| #define PACKAGE "cppunit"
| #define VERSION "1.13.2"
| #define STDC_HEADERS 1
| #define HAVE_SYS_TYPES_H 1
| #define HAVE_SYS_STAT_H 1
| #define HAVE_STDLIB_H 1
| #define HAVE_STRING_H 1
| #define HAVE_MEMORY_H 1
| #define HAVE_STRINGS_H 1
| #define HAVE_INTTYPES_H 1
| #define HAVE_STDINT_H 1
| #define HAVE_UNISTD_H 1
| #define HAVE_DLFCN_H 1
| #define LT_OBJDIR ".libs/"
| /* end confdefs.h.  */
| #include <ac_nonexistent.h>
configure:12605: checking for ld used by g++
configure:12672: result: /usr/bin/ld -m elf_x86_64
configure:12679: checking if the linker (/usr/bin/ld -m elf_x86_64) is GNU ld
configure:12694: result: yes
configure:12749: checking whether the g++ linker (/usr/bin/ld -m elf_x86_64) supports shared libraries
configure:13754: result: yes
configure:13790: g++ -c -g -O2  conftest.cpp >&5
configure:13793: $? = 0
configure:14313: checking for g++ option to produce PIC
configure:14320: result: -fPIC -DPIC
configure:14328: checking if g++ PIC flag -fPIC -DPIC works
configure:14346: g++ -c -g -O2  -fPIC -DPIC -DPIC conftest.cpp >&5
configure:14350: $? = 0
configure:14363: result: yes
configure:14386: checking if g++ static flag -static works
configure:14414: result: yes
configure:14426: checking if g++ supports -c -o file.o
configure:14447: g++ -c -g -O2  -o out/conftest2.o conftest.cpp >&5
configure:14451: $? = 0
configure:14473: result: yes
configure:14478: checking if g++ supports -c -o file.o
configure:14525: result: yes
configure:14555: checking whether the g++ linker (/usr/bin/ld -m elf_x86_64) supports shared libraries
configure:14591: result: yes
configure:14732: checking dynamic linker characteristics
configure:15399: result: GNU/Linux ld.so
configure:15452: checking how to hardcode library paths into programs
configure:15477: result: immediate
configure:15543: checking for shl_load
configure:15543: g++ -o conftest -g -O2   conftest.cpp -ldl >&5
/tmp/ccWM9Jvh.o: In function `main':
/home/mustafa.vora/minotaur/third-party/minotaur-0.2.3-third-party-src/cppunit-1.13.2/build/conftest.cpp:57: undefined reference to `shl_load'
collect2: error: ld returned 1 exit status
configure:15543: $? = 1
configure: failed program was:
| /* confdefs.h */
| #define PACKAGE_NAME "cppunit"
| #define PACKAGE_TARNAME "cppunit"
| #define PACKAGE_VERSION "1.13.2"
| #define PACKAGE_STRING "cppunit 1.13.2"
| #define PACKAGE_BUGREPORT ""
| #define PACKAGE_URL ""
| #define PACKAGE "cppunit"
| #define VERSION "1.13.2"
| #define STDC_HEADERS 1
| #define HAVE_SYS_TYPES_H 1
| #define HAVE_SYS_STAT_H 1
| #define HAVE_STDLIB_H 1
| #define HAVE_STRING_H 1
| #define HAVE_MEMORY_H 1
| #define HAVE_STRINGS_H 1
| #define HAVE_INTTYPES_H 1
| #define HAVE_STDINT_H 1
| #define HAVE_UNISTD_H 1
| #define HAVE_DLFCN_H 1
| #define LT_OBJDIR ".libs/"
| /* end confdefs.h.  */
| /* Define shl_load to an innocuous variant, in case <limits.h> declares shl_load.
|    For example, HP-UX 11i <limits.h> declares gettimeofday.  */
| #define shl_load innocuous_shl_load
| 
| /* System header to define __stub macros and hopefully few prototypes,
|     which can conflict with char shl_load (); below.
|     Prefer <limits.h> to <assert.h> if __STDC__ is defined, since
|     <limits.h> exists even on freestanding compilers.  */
| 
| #ifdef __STDC__
| # include <limits.h>
| #else
| # include <assert.h>
| #endif
| 
| #undef shl_load
| 
| /* Override any GCC internal prototype to avoid an error.
|    Use char because int might match the return type of a GCC
|    builtin and then its argument prototype would still apply.  */
| #ifdef __cplusplus
| extern "C"
| #endif
| char shl_load ();
| /* The GNU C library defines this for functions which it implements
|     to always fail with ENOSYS.  Some functions are actually named
|     something starting with __ and the normal name is an alias.  */
| #if defined __stub_shl_load || defined __stub___shl_load
| choke me
| #endif
| 
| int
| main ()
| {
| return shl_load ();
|   ;
|   return 0;
| }
configure:15543: result: no
configure:15549: checking for shl_load in -ldld
configure:15574: g++ -o conftest -g -O2   conftest.cpp -ldld  -ldl >&5
/usr/bin/ld: cannot find -ldld
collect2: error: ld returned 1 exit status
configure:15574: $? = 1
configure: failed program was:
| /* confdefs.h */
| #define PACKAGE_NAME "cppunit"
| #define PACKAGE_TARNAME "cppunit"
| #define PACKAGE_VERSION "1.13.2"
| #define PACKAGE_STRING "cppunit 1.13.2"
| #define PACKAGE_BUGREPORT ""
| #define PACKAGE_URL ""
| #define PACKAGE "cppunit"
| #define VERSION "1.13.2"
| #define STDC_HEADERS 1
| #define HAVE_SYS_TYPES_H 1
| #define HAVE_SYS_STAT_H 1
| #define HAVE_STDLIB_H 1
| #define HAVE_STRING_H 1
| #define HAVE_MEMORY_H 1
| #define HAVE_STRINGS_H 1
| #define HAVE_INTTYPES_H 1
| #define HAVE_STDINT_H 1
| #define HAVE_UNISTD_H 1
| #define HAVE_DLFCN_H 1
| #define LT_OBJDIR ".libs/"
| /* end confdefs.h.  */
| 
| /* Override any GCC internal prototype to avoid an error.
|    Use char because int might match the return type of a GCC
|    builtin and then its argument prototype would still apply.  */
| #ifdef __cplusplus
| extern "C"
| #endif
| char shl_load ();
| int
| main ()
| {
| return shl_load ();
|   ;
|   return 0;
| }
configure:15583: result: no
configure:15591: checking for dlopen in -ldl
configure:15616: g++ -o conftest -g -O2   conftest.cpp -ldl  -ldl >&5
configure:15616: $? = 0
configure:15625: result: yes
configure:15760: checking for dlerror
configure:15760: g++ -o conftest -g -O2   conftest.cpp -ldl -ldl >&5
configure:15760: $? = 0
configure:15760: result: yes
configure:15921: checking for cmath
configure:15921: g++ -c -g -O2  conftest.cpp >&5
configure:15921: $? = 0
configure:15921: result: yes
configure:15936: checking whether the compiler supports Run-Time Type Identification
configure:15971: g++ -c -g -O2  conftest.cpp >&5
configure:15971: $? = 0
configure:15985: result: yes
configure:15993: checking whether the compiler supports GCC C++ ABI name demangling
configure:16033: g++ -c -g -O2  conftest.cpp >&5
configure:16033: $? = 0
configure:16047: result: yes
configure:16055: checking whether the compiler implements namespaces
configure:16078: g++ -c -g -O2  conftest.cpp >&5
configure:16078: $? = 0
configure:16092: result: yes
configure:16100: checking whether std::string::compare takes a string in argument 1
configure:16128: g++ -c -g -O2  conftest.cpp >&5
conftest.cpp: In function 'int main()':
conftest.cpp:37:23: error: no matching function for call to 'std::__cxx11::basic_string<char>::compare(std::__cxx11::string&, int, int)'
 return x.compare(y,0,1) == 0;
                       ^
In file included from /usr/include/c++/6/string:52:0,
                 from conftest.cpp:29:
/usr/include/c++/6/bits/basic_string.h:2417:7: note: candidate: int std::__cxx11::basic_string<_CharT, _Traits, _Alloc>::compare(const std::__cxx11::basic_string<_CharT, _Traits, _Alloc>&) const [with _CharT = char; _Traits = std::char_traits<char>; _Alloc = std::allocator<char>]
       compare(const basic_string& __str) const
       ^~~~~~~
/usr/include/c++/6/bits/basic_string.h:2417:7: note:   candidate expects 1 argument, 3 provided
/usr/include/c++/6/bits/basic_string.h:2449:7: note: candidate: int std::__cxx11::basic_string<_CharT, _Traits, _Alloc>::compare(std::__cxx11::basic_string<_CharT, _Traits, _Alloc>::size_type, std::__cxx11::basic_string<_CharT, _Traits, _Alloc>::size_type, const std::__cxx11::basic_string<_CharT, _Traits, _Alloc>&) const [with _CharT = char; _Traits = std::char_traits<char>; _Alloc = std::allocator<char>; std::__cxx11::basic_string<_CharT, _Traits, _Alloc>::size_type = long unsigned int]
       compare(size_type __pos, size_type __n, const basic_string& __str) const;
       ^~~~~~~
/usr/include/c++/6/bits/basic_string.h:2449:7: note:   no known conversion for argument 1 from 'std::__cxx11::string {aka std::__cxx11::basic_string<char>}' to 'std::__cxx11::basic_string<char>::size_type {aka long unsigned int}'
/usr/include/c++/6/bits/basic_string.h:2475:7: note: candidate: int std::__cxx11::basic_string<_CharT, _Traits, _Alloc>::compare(std::__cxx11::basic_string<_CharT, _Traits, _Alloc>::size_type, std::__cxx11::basic_string<_CharT, _Traits, _Alloc>::size_type, const std::__cxx11::basic_string<_CharT, _Traits, _Alloc>&, std::__cxx11::basic_string<_CharT, _Traits, _Alloc>::size_type, std::__cxx11::basic_string<_CharT, _Traits, _Alloc>::size_type) const [with _CharT = char; _Traits = std::char_traits<char>; _Alloc = std::allocator<char>; std::__cxx11::basic_string<_CharT, _Traits, _Alloc>::size_type = long unsigned int]
       compare(size_type __pos1, size_type __n1, const basic_string& __str,
       ^~~~~~~
/usr/include/c++/6/bits/basic_string.h:2475:7: note:   candidate expects 5 arguments, 3 provided
/usr/include/c++/6/bits/basic_string.h:2493:7: note: candidate: int std::__cxx11::basic_string<_CharT, _Traits, _Alloc>::compare(const _CharT*) const [with _CharT = char; _Traits = std::char_traits<char>; _Alloc = std::allocator<char>]
       compare(const _CharT* __s) const;
       ^~~~~~~
/usr/include/c++/6/bits/basic_string.h:2493:7: note:   candidate expects 1 argument, 3 provided
/usr/include/c++/6/bits/basic_string.h:2517:7: note: candidate: int std::__cxx11::basic_string<_CharT, _Traits, _Alloc>::compare(std::__cxx11::basic_string<_CharT, _Traits, _Alloc>::size_type, std::__cxx11::basic_string<_CharT, _Traits, _Alloc>::size_type, const _CharT*) const [with _CharT = char; _Traits = std::char_traits<char>; _Alloc = std::allocator<char>; std::__cxx11::basic_string<_CharT, _Traits, _Alloc>::size_type = long unsigned int]
       compare(size_type __pos, size_type __n1, const _CharT* __s) const;
       ^~~~~~~
/usr/include/c++/6/bits/basic_string.h:2517:7: note:   no known conversion for argument 1 from 'std::__cxx11::string {aka std::__cxx11::basic_string<char>}' to 'std::__cxx11::basic_string<char>::size_type {aka long unsigned int}'
/usr/include/c++/6/bits/basic_string.h:2544:7: note: candidate: int std::__cxx11::basic_string<_CharT, _Traits, _Alloc>::compare(std::__cxx11::basic_string<_CharT, _Traits, _Alloc>::size_type, std::__cxx11::basic_string<_CharT, _Traits, _Alloc>::size_type, const _CharT*, std::__cxx11::basic_string<_CharT, _Traits, _Alloc>::size_type) const [with _CharT = char; _Traits = std::char_traits<char>; _Alloc = std::allocator<char>; std::__cxx11::basic_string<_CharT, _Traits, _Alloc>::size_type = long unsigned int]
       compare(size_type __pos, size_type __n1, const _CharT* __s,
       ^~~~~~~
/usr/include/c++/6/bits/basic_string.h:2544:7: note:   candidate expects 4 arguments, 3 provided
configure:16128: $? = 1
configure: failed program was:
| /* confdefs.h */
| #define PACKAGE_NAME "cppunit"
| #define PACKAGE_TARNAME "cppunit"
| #define PACKAGE_VERSION "1.13.2"
| #define PACKAGE_STRING "cppunit 1.13.2"
| #define PACKAGE_BUGREPORT ""
| #define PACKAGE_URL ""
| #define PACKAGE "cppunit"
| #define VERSION "1.13.2"
| #define STDC_HEADERS 1
| #define HAVE_SYS_TYPES_H 1
| #define HAVE_SYS_STAT_H 1
| #define HAVE_STDLIB_H 1
| #define HAVE_STRING_H 1
| #define HAVE_MEMORY_H 1
| #define HAVE_STRINGS_H 1
| #define HAVE_INTTYPES_H 1
| #define HAVE_STDINT_H 1
| #define HAVE_UNISTD_H 1
| #define HAVE_DLFCN_H 1
| #define LT_OBJDIR ".libs/"
| #define HAVE_LIBDL 1
| #define HAVE_DLERROR 1
| #define HAVE_CMATH 1
| #define HAVE_RTTI 1
| #define HAVE_GCC_ABI_DEMANGLE 1
| #define HAVE_NAMESPACES 1
| /* end confdefs.h.  */
| #include <string>
| #ifdef HAVE_NAMESPACES
| using namespace std;
| #endif
| int
| main ()
| {
| string x("hi"); string y("h");
| return x.compare(y,0,1) == 0;
|   ;
|   return 0;
| }
configure:16142: result: no
configure:16154: checking whether the compiler has stringstream
configure:16181: g++ -c -g -O2  conftest.cpp >&5
configure:16181: $? = 0
configure:16195: result: yes
configure:16204: checking whether the library defines class strstream
configure:16219: checking strstream usability
configure:16219: g++ -c -g -O2  conftest.cpp >&5
In file included from /usr/include/c++/6/backward/strstream:50:0,
                 from conftest.cpp:63:
/usr/include/c++/6/backward/backward_warning.h:32:2: warning: #warning This file includes at least one deprecated or antiquated header which may be removed without further notice at a future date. Please use a non-deprecated interface with equivalent functionality instead. For a listing of replacement headers and interfaces, consult the file backward_warning.h. To disable this warning use -Wno-deprecated. [-Wcpp]
 #warning \
  ^~~~~~~
configure:16219: $? = 0
configure:16219: result: yes
configure:16219: checking strstream presence
configure:16219: g++ -E  conftest.cpp
In file included from /usr/include/c++/6/backward/strstream:50:0,
                 from conftest.cpp:30:
/usr/include/c++/6/backward/backward_warning.h:32:2: warning: #warning This file includes at least one deprecated or antiquated header which may be removed without further notice at a future date. Please use a non-deprecated interface with equivalent functionality instead. For a listing of replacement headers and interfaces, consult the file backward_warning.h. To disable this warning use -Wno-deprecated. [-Wcpp]
 #warning \
  ^~~~~~~
configure:16219: $? = 0
configure:16219: result: yes
configure:16219: checking for strstream
configure:16219: result: yes
configure:16248: g++ -c -g -O2  conftest.cpp >&5
In file included from /usr/include/c++/6/backward/strstream:50:0,
                 from conftest.cpp:33:
/usr/include/c++/6/backward/backward_warning.h:32:2: warning: #warning This file includes at least one deprecated or antiquated header which may be removed without further notice at a future date. Please use a non-deprecated interface with equivalent functionality instead. For a listing of replacement headers and interfaces, consult the file backward_warning.h. To disable this warning use -Wno-deprecated. [-Wcpp]
 #warning \
  ^~~~~~~
configure:16248: $? = 0
configure:16262: result: yes
configure:16273: checking for isfinite
configure:16296: g++ -o conftest -g -O2   conftest.cpp -ldl -lm >&5
configure:16296: $? = 0
configure:16310: result: yes
configure:16323: checking for finite
configure:16323: g++ -o conftest -g -O2   conftest.cpp -ldl -lm >&5
configure:16323: $? = 0
configure:16323: result: yes
configure:16483: checking that generated files are newer than configure
configure:16489: result: done
configure:16520: creating ./config.status

## ---------------------- ##
## Running config.status. ##
## ---------------------- ##

This file was extended by cppunit config.status 1.13.2, which was
generated by GNU Autoconf 2.69.  Invocation command line was

  CONFIG_FILES    = 
  CONFIG_HEADERS  = 
  CONFIG_LINKS    = 
  CONFIG_COMMANDS = 
  $ ./config.status 

on saki

config.status:1202: creating Makefile
config.status:1202: creating cppunit.pc
config.status:1202: creating cppunit.spec
config.status:1202: creating cppunit-config
config.status:1202: creating src/Makefile
config.status:1202: creating src/DllPlugInTester/Makefile
config.status:1202: creating src/cppunit/Makefile
config.status:1202: creating include/Makefile
config.status:1202: creating include/cppunit/Makefile
config.status:1202: creating include/cppunit/config/Makefile
config.status:1202: creating include/cppunit/extensions/Makefile
config.status:1202: creating include/cppunit/plugin/Makefile
config.status:1202: creating include/cppunit/portability/Makefile
config.status:1202: creating include/cppunit/tools/Makefile
config.status:1202: creating include/cppunit/ui/Makefile
config.status:1202: creating include/cppunit/ui/mfc/Makefile
config.status:1202: creating include/cppunit/ui/qt/Makefile
config.status:1202: creating include/cppunit/ui/text/Makefile
config.status:1202: creating doc/Makefile
config.status:1202: creating doc/Doxyfile
config.status:1202: creating examples/Makefile
config.status:1202: creating examples/simple/Makefile
config.status:1202: creating examples/hierarchy/Makefile
config.status:1202: creating examples/cppunittest/Makefile
config.status:1202: creating examples/ClockerPlugIn/Makefile
config.status:1202: creating examples/DumperPlugIn/Makefile
config.status:1202: creating examples/money/Makefile
config.status:1202: creating config/config.h
config.status:1416: executing depfiles commands
config.status:1416: executing libtool commands
config.status:1416: executing default commands
configure:19062: result: creating include/cppunit/config-auto.h - prefix CPPUNIT for config/config.h defines

## ---------------- ##
## Cache variables. ##
## ---------------- ##

ac_cv_build=x86_64-unknown-linux-gnu
ac_cv_c_compiler_gnu=yes
ac_cv_cxx_compiler_gnu=yes
ac_cv_cxx_gcc_abi_demangle=yes
ac_cv_cxx_have_class_strstream=yes
ac_cv_cxx_have_sstream=yes
ac_cv_cxx_namespaces=yes
ac_cv_cxx_rtti=yes
ac_cv_cxx_string_compare_string_first=no
ac_cv_env_CCC_set=
ac_cv_env_CCC_value=
ac_cv_env_CC_set=
ac_cv_env_CC_value=
ac_cv_env_CFLAGS_set=
ac_cv_env_CFLAGS_value=
ac_cv_env_CPPFLAGS_set=
ac_cv_env_CPPFLAGS_value=
ac_cv_env_CPP_set=
ac_cv_env_CPP_value=
ac_cv_env_CXXCPP_set=
ac_cv_env_CXXCPP_value=
ac_cv_env_CXXFLAGS_set=
ac_cv_env_CXXFLAGS_value=
ac_cv_env_CXX_set=
ac_cv_env_CXX_value=
ac_cv_env_LDFLAGS_set=
ac_cv_env_LDFLAGS_value=
ac_cv_env_LIBS_set=set
ac_cv_env_LIBS_value=-ldl
ac_cv_env_build_alias_set=
ac_cv_env_build_alias_value=
ac_cv_env_host_alias_set=
ac_cv_env_host_alias_value=
ac_cv_env_target_alias_set=
ac_cv_env_target_alias_value=
ac_cv_func_dlerror=yes
ac_cv_func_finite=yes
ac_cv_func_shl_load=no
ac_cv_header_cmath=yes
ac_cv_header_dlfcn_h=yes
ac_cv_header_inttypes_h=yes
ac_cv_header_memory_h=yes
ac_cv_header_stdc=yes
ac_cv_header_stdint_h=yes
ac_cv_header_stdlib_h=yes
ac_cv_header_string_h=yes
ac_cv_header_strings_h=yes
ac_cv_header_strstream=yes
ac_cv_header_sys_stat_h=yes
ac_cv_header_sys_types_h=yes
ac_cv_header_unistd_h=yes
ac_cv_host=x86_64-unknown-linux-gnu
ac_cv_lib_dl_dlopen=yes
ac_cv_lib_dld_shl_load=no
ac_cv_objext=o
ac_cv_path_EGREP='/bin/grep -E'
ac_cv_path_FGREP='/bin/grep -F'
ac_cv_path_GREP=/bin/grep
ac_cv_path_SED=/bin/sed
ac_cv_path_install='/usr/bin/install -c'
ac_cv_path_mkdir=/bin/mkdir
ac_cv_prog_AWK=gawk
ac_cv_prog_CPP='gcc -E'
ac_cv_prog_CXXCPP='g++ -E'
ac_cv_prog_ac_ct_AR=ar
ac_cv_prog_ac_ct_CC=gcc
ac_cv_prog_ac_ct_CXX=g++
ac_cv_prog_ac_ct_DLLTOOL=dlltool
ac_cv_prog_ac_ct_MANIFEST_TOOL=mt
ac_cv_prog_ac_ct_OBJDUMP=objdump
ac_cv_prog_ac_ct_RANLIB=ranlib
ac_cv_prog_ac_ct_STRIP=strip
ac_cv_prog_cc_c89=
ac_cv_prog_cc_g=yes
ac_cv_prog_cxx_g=yes
ac_cv_prog_make_make_set=yes
am_cv_CC_dependencies_compiler_type=gcc3
am_cv_CXX_dependencies_compiler_type=gcc3
am_cv_make_support_nested_variables=yes
ax_cv_cxx_have_isfinite=yes
lt_cv_ar_at_file=@
lt_cv_archive_cmds_need_lc=no
lt_cv_deplibs_check_method=pass_all
lt_cv_file_magic_cmd='$MAGIC_CMD'
lt_cv_file_magic_test_file=
lt_cv_ld_reload_flag=-r
lt_cv_nm_interface='BSD nm'
lt_cv_objdir=.libs
lt_cv_path_LD=/usr/bin/ld
lt_cv_path_LDCXX='/usr/bin/ld -m elf_x86_64'
lt_cv_path_NM='/usr/bin/nm -B'
lt_cv_path_mainfest_tool=no
lt_cv_prog_compiler_c_o=yes
lt_cv_prog_compiler_c_o_CXX=yes
lt_cv_prog_compiler_pic='-fPIC -DPIC'
lt_cv_prog_compiler_pic_CXX='-fPIC -DPIC'
lt_cv_prog_compiler_pic_works=yes
lt_cv_prog_compiler_pic_works_CXX=yes
lt_cv_prog_compiler_rtti_exceptions=no
lt_cv_prog_compiler_static_works=yes
lt_cv_prog_compiler_static_works_CXX=yes
lt_cv_prog_gnu_ld=yes
lt_cv_prog_gnu_ldcxx=yes
lt_cv_sharedlib_from_linklib_cmd='printf %s\n'
lt_cv_shlibpath_overrides_runpath=yes
lt_cv_sys_global_symbol_pipe='sed -n -e '\''s/^.*[	 ]\([ABCDGIRSTW][ABCDGIRSTW]*\)[	 ][	 ]*\([_A-Za-z][_A-Za-z0-9]*\)$/\1 \2 \2/p'\'' | sed '\''/ __gnu_lto/d'\'''
lt_cv_sys_global_symbol_to_c_name_address='sed -n -e '\''s/^: \([^ ]*\)[ ]*$/  {\"\1\", (void *) 0},/p'\'' -e '\''s/^[ABCDGIRSTW]* \([^ ]*\) \([^ ]*\)$/  {"\2", (void *) \&\2},/p'\'''
lt_cv_sys_global_symbol_to_c_name_address_lib_prefix='sed -n -e '\''s/^: \([^ ]*\)[ ]*$/  {\"\1\", (void *) 0},/p'\'' -e '\''s/^[ABCDGIRSTW]* \([^ ]*\) \(lib[^ ]*\)$/  {"\2", (void *) \&\2},/p'\'' -e '\''s/^[ABCDGIRSTW]* \([^ ]*\) \([^ ]*\)$/  {"lib\2", (void *) \&\2},/p'\'''
lt_cv_sys_global_symbol_to_cdecl='sed -n -e '\''s/^T .* \(.*\)$/extern int \1();/p'\'' -e '\''s/^[ABCDGIRSTW]* .* \(.*\)$/extern char \1;/p'\'''
lt_cv_sys_max_cmd_len=1572864
lt_cv_to_host_file_cmd=func_convert_file_noop
lt_cv_to_tool_file_cmd=func_convert_file_noop

## ----------------- ##
## Output variables. ##
## ----------------- ##

ACLOCAL='${SHELL} /home/mustafa.vora/minotaur/third-party/minotaur-0.2.3-third-party-src/cppunit-1.13.2/config/missing --run aclocal-1.12'
AMDEPBACKSLASH='\'
AMDEP_FALSE='#'
AMDEP_TRUE=''
AMTAR='$${TAR-tar}'
AM_BACKSLASH='\'
AM_DEFAULT_V='$(AM_DEFAULT_VERBOSITY)'
AM_DEFAULT_VERBOSITY='0'
AM_V='$(V)'
AR='ar'
AS='as'
AUTOCONF='${SHELL} /home/mustafa.vora/minotaur/third-party/minotaur-0.2.3-third-party-src/cppunit-1.13.2/config/missing --run autoconf'
AUTOHEADER='${SHELL} /home/mustafa.vora/minotaur/third-party/minotaur-0.2.3-third-party-src/cppunit-1.13.2/config/missing --run autoheader'
AUTOMAKE='${SHELL} /home/mustafa.vora/minotaur/third-party/minotaur-0.2.3-third-party-src/cppunit-1.13.2/config/missing --run automake-1.12'
AWK='gawk'
CC='gcc'
CCDEPMODE='depmode=gcc3'
CFLAGS='-g -O2'
CPP='gcc -E'
CPPFLAGS=''
CPPUNIT_BINARY_AGE='2'
CPPUNIT_INTERFACE_AGE='2'
CPPUNIT_MAJOR_VERSION='1'
CPPUNIT_MICRO_VERSION='2'
CPPUNIT_MINOR_VERSION='13'
CPPUNIT_VERSION='1.13.2'
CXX='g++'
CXXCPP='g++ -E'
CXXDEPMODE='depmode=gcc3'
CXXFLAGS='-g -O2'
CYGPATH_W='echo'
DEFS='-DHAVE_CONFIG_H'
DEPDIR='.deps'
DLLTOOL='dlltool'
DOC_FALSE=''
DOC_TRUE='#'
DOT=''
DOXYGEN=''
DSYMUTIL=''
DUMPBIN=''
ECHO_C=''
ECHO_N='-n'
ECHO_T=''
EGREP='/bin/grep -E'
EXEEXT=''
FGREP='/bin/grep -F'
GREP='/bin/grep'
INSTALL_DATA='${INSTALL} -m 644'
INSTALL_PROGRAM='${INSTALL}'
INSTALL_SCRIPT='${INSTALL}'
INSTALL_STRIP_PROGRAM='$(install_sh) -c -s'
LD='/usr/bin/ld -m elf_x86_64'
LDFLAGS=''
LIBADD_DL='-ldl'
LIBOBJS=''
LIBS='-ldl -lm'
LIBTOOL='$(SHELL) $(top_builddir)/libtool'
LIPO=''
LN_S='ln -s'
LTLIBOBJS=''
LT_AGE='0'
LT_CURRENT='0'
LT_RELEASE='1.13'
LT_REVISION='2'
MAKEINFO='${SHELL} /home/mustafa.vora/minotaur/third-party/minotaur-0.2.3-third-party-src/cppunit-1.13.2/config/missing --run makeinfo'
MANIFEST_TOOL=':'
MKDIR_P='/bin/mkdir -p'
NM='/usr/bin/nm -B'
NMEDIT=''
OBJDUMP='objdump'
OBJEXT='o'
OTOOL64=''
OTOOL=''
PACKAGE='cppunit'
PACKAGE_BUGREPORT=''
PACKAGE_NAME='cppunit'
PACKAGE_STRING='cppunit 1.13.2'
PACKAGE_TARNAME='cppunit'
PACKAGE_URL=''
PACKAGE_VERSION='1.13.2'
PATH_SEPARATOR=':'
RANLIB='ranlib'
SED='/bin/sed'
SET_MAKE=''
SHELL='/bin/bash'
STRIP='strip'
VERSION='1.13.2'
ac_ct_AR='ar'
ac_ct_CC='gcc'
ac_ct_CXX='g++'
ac_ct_DUMPBIN=''
am__EXEEXT_FALSE=''
am__EXEEXT_TRUE='#'
am__fastdepCC_FALSE='#'
am__fastdepCC_TRUE=''
am__fastdepCXX_FALSE='#'
am__fastdepCXX_TRUE=''
am__include='include'
am__isrc=' -I$(srcdir)'
am__leading_dot='.'
am__nodep='_no'
am__quote=''
am__tar='$${TAR-tar} chof - "$$tardir"'
am__untar='$${TAR-tar} xf -'
bindir='${exec_prefix}/bin'
build='x86_64-unknown-linux-gnu'
build_alias=''
build_cpu='x86_64'
build_os='linux-gnu'
build_vendor='unknown'
datadir='${datarootdir}'
datarootdir='${prefix}/share'
docdir='${datarootdir}/doc/${PACKAGE_TARNAME}'
dvidir='${docdir}'
enable_dot='no'
enable_html_docs='yes'
enable_latex_docs='no'
exec_prefix='${prefix}'
host='x86_64-unknown-linux-gnu'
host_alias=''
host_cpu='x86_64'
host_os='linux-gnu'
host_vendor='unknown'
htmldir='${docdir}'
includedir='${prefix}/include'
infodir='${datarootdir}/info'
install_sh='${SHELL} /home/mustafa.vora/minotaur/third-party/minotaur-0.2.3-third-party-src/cppunit-1.13.2/config/install-sh'
libdir='${exec_prefix}/lib'
libexecdir='${exec_prefix}/libexec'
localedir='${datarootdir}/locale'
localstatedir='${prefix}/var'
mandir='${datarootdir}/man'
mkdir_p='/bin/mkdir -p'
oldincludedir='/usr/include'
pdfdir='${docdir}'
prefix='/home/mustafa.vora/minotaur/third-party'
program_transform_name='s,x,x,'
psdir='${docdir}'
sbindir='${exec_prefix}/sbin'
sharedstatedir='${prefix}/com'
sysconfdir='${prefix}/etc'
target_alias=''

## ----------- ##
## confdefs.h. ##
## ----------- ##

/* confdefs.h */
#define PACKAGE_NAME "cppunit"
#define PACKAGE_TARNAME "cppunit"
#define PACKAGE_VERSION "1.13.2"
#define PACKAGE_STRING "cppunit 1.13.2"
#define PACKAGE_BUGREPORT ""
#define PACKAGE_URL ""
#define PACKAGE "cppunit"
#define VERSION "1.13.2"
#define STDC_HEADERS 1
#define HAVE_SYS_TYPES_H 1
#define HAVE_SYS_STAT_H 1
#define HAVE_STDLIB_H 1
#define HAVE_STRING_H 1
#define HAVE_MEMORY_H 1
#define HAVE_STRINGS_H 1
#define HAVE_INTTYPES_H 1
#define HAVE_STDINT_H 1
#define HAVE_UNISTD_H 1
#define HAVE_DLFCN_H 1
#define LT_OBJDIR ".libs/"
#define HAVE_LIBDL 1
#define HAVE_DLERROR 1
#define HAVE_CMATH 1
#define HAVE_RTTI 1
#define HAVE_GCC_ABI_DEMANGLE 1
#define HAVE_NAMESPACES 1
#define HAVE_SSTREAM 1
#define HAVE_STRSTREAM 1
#define HAVE_CLASS_STRSTREAM 1
#define HAVE_ISFINITE 1
#define HAVE_FINITE 1
#define USE_TYPEINFO_NAME CPPUNIT_HAVE_RTTI

configure: exit 0
